22:56:54.656 [main] INFO  com.shalkevich.andrei.intexProject.utils.Parser.ParseApplication - Inside parse application.
22:56:54.663 [main] INFO  com.shalkevich.andrei.intexProject.utils.Parser.ConfigProperties - Inside ConfigProperties class constructor.
22:56:54.664 [main] INFO  com.shalkevich.andrei.intexProject.utils.Parser.ConfigProperties - Inside getAllKeys() method of ConfigProperties class.
22:56:54.665 [main] INFO  com.shalkevich.andrei.intexProject.utils.Parser.ConfigProperties - Inside getPropertiesKeysValues method of ConfigProperties class.
22:56:54.733 [main] INFO  com.shalkevich.andrei.intexProject.utils.Parser.FileSearcher - Searching directory ... D:\IntexSoft\Projects\Temp
22:56:54.735 [main] INFO  com.shalkevich.andrei.intexProject.utils.Parser.FileSearcher - Searching directory ... D:\IntexSoft\Projects\Temp\dir1
22:56:54.735 [main] INFO  com.shalkevich.andrei.intexProject.utils.Parser.FileSearcher - Searching directory ... D:\IntexSoft\Projects\Temp\dir2
22:57:28.750 [main] INFO  com.shalkevich.andrei.intexProject.utils.Parser.ParseApplication - Inside parse application.
22:57:28.756 [main] INFO  com.shalkevich.andrei.intexProject.utils.Parser.ConfigProperties - Inside ConfigProperties class constructor.
22:57:28.757 [main] INFO  com.shalkevich.andrei.intexProject.utils.Parser.ConfigProperties - Inside getAllKeys() method of ConfigProperties class.
22:57:28.757 [main] INFO  com.shalkevich.andrei.intexProject.utils.Parser.ConfigProperties - Inside getPropertiesKeysValues method of ConfigProperties class.
22:57:28.829 [main] INFO  com.shalkevich.andrei.intexProject.utils.Parser.FileSearcher - Searching directory ... D:\IntexSoft\Projects\Temp
22:57:28.832 [main] INFO  com.shalkevich.andrei.intexProject.utils.Parser.FileSearcher - Searching directory ... D:\IntexSoft\Projects\Temp\dir1
22:57:28.832 [main] INFO  com.shalkevich.andrei.intexProject.utils.Parser.FileSearcher - Searching directory ... D:\IntexSoft\Projects\Temp\dir2
23:00:44.684 [main] INFO  com.shalkevich.andrei.intexProject.utils.Parser.ConfigProperties - Inside ConfigProperties class constructor.
23:00:44.686 [main] INFO  com.shalkevich.andrei.intexProject.utils.Parser.ConfigProperties - Inside getAllKeys() method of ConfigProperties class.
23:00:44.686 [main] INFO  com.shalkevich.andrei.intexProject.utils.Parser.ConfigProperties - Inside getPropertiesKeysValues method of ConfigProperties class.
23:00:44.753 [main] INFO  com.shalkevich.andrei.intexProject.utils.Parser.FileSearcher - Searching directory ... D:\IntexSoft\Projects\Temp
23:00:44.754 [main] INFO  com.shalkevich.andrei.intexProject.utils.Parser.FileSearcher - Searching directory ... D:\IntexSoft\Projects\Temp\dir1
23:00:44.755 [main] INFO  com.shalkevich.andrei.intexProject.utils.Parser.FileSearcher - Searching directory ... D:\IntexSoft\Projects\Temp\dir2
23:01:22.413 [main] INFO  com.shalkevich.andrei.intexProject.utils.Parser.ConfigProperties - Inside ConfigProperties class constructor.
23:01:22.416 [main] INFO  com.shalkevich.andrei.intexProject.utils.Parser.ConfigProperties - Inside getAllKeys() method of ConfigProperties class.
23:01:22.417 [main] INFO  com.shalkevich.andrei.intexProject.utils.Parser.ConfigProperties - Inside getPropertiesKeysValues method of ConfigProperties class.
23:01:22.486 [main] INFO  com.shalkevich.andrei.intexProject.utils.Parser.FileSearcher - Searching directory ... D:\IntexSoft\Projects\Temp
23:01:22.488 [main] INFO  com.shalkevich.andrei.intexProject.utils.Parser.FileSearcher - Searching directory ... D:\IntexSoft\Projects\Temp\dir1
23:01:22.488 [main] INFO  com.shalkevich.andrei.intexProject.utils.Parser.FileSearcher - Searching directory ... D:\IntexSoft\Projects\Temp\dir2
